2025-06-12T17:17:50: Error [ERR_MODULE_NOT_FOUND]: Cannot find module '/home/ftpuser/ftp/files/astralis-agency-server/server/dist/routes/contact' imported from /home/ftpuser/ftp/files/astralis-agency-server/server/dist/index.js
2025-06-12T17:17:50:     at finalizeResolution (node:internal/modules/esm/resolve:283:11)
2025-06-12T17:17:50:     at moduleResolve (node:internal/modules/esm/resolve:952:10)
2025-06-12T17:17:50:     at defaultResolve (node:internal/modules/esm/resolve:1188:11)
2025-06-12T17:17:50:     at ModuleLoader.defaultResolve (node:internal/modules/esm/loader:642:12)
2025-06-12T17:17:50:     at #cachedDefaultResolve (node:internal/modules/esm/loader:591:25)
2025-06-12T17:17:50:     at ModuleLoader.resolve (node:internal/modules/esm/loader:574:38)
2025-06-12T17:17:50:     at ModuleLoader.getModuleJobForImport (node:internal/modules/esm/loader:236:38)
2025-06-12T17:17:50:     at ModuleJob._link (node:internal/modules/esm/module_job:130:49) {
2025-06-12T17:17:50:   code: 'ERR_MODULE_NOT_FOUND',
2025-06-12T17:17:50:   url: 'file:///home/ftpuser/ftp/files/astralis-agency-server/server/dist/routes/contact'
2025-06-12T17:17:50: }
2025-06-30T22:43:01: Error [ERR_MODULE_NOT_FOUND]: Cannot find module '/home/ftpuser/ftp/files/astralis-agency-server/server/dist/routes/contact' imported from /home/ftpuser/ftp/files/astralis-agency-server/server/dist/index.js
2025-06-30T22:43:01:     at finalizeResolution (node:internal/modules/esm/resolve:283:11)
2025-06-30T22:43:01:     at moduleResolve (node:internal/modules/esm/resolve:952:10)
2025-06-30T22:43:01:     at defaultResolve (node:internal/modules/esm/resolve:1188:11)
2025-06-30T22:43:01:     at ModuleLoader.defaultResolve (node:internal/modules/esm/loader:642:12)
2025-06-30T22:43:01:     at #cachedDefaultResolve (node:internal/modules/esm/loader:591:25)
2025-06-30T22:43:01:     at ModuleLoader.resolve (node:internal/modules/esm/loader:574:38)
2025-06-30T22:43:01:     at ModuleLoader.getModuleJobForImport (node:internal/modules/esm/loader:236:38)
2025-06-30T22:43:01:     at ModuleJob._link (node:internal/modules/esm/module_job:130:49) {
2025-06-30T22:43:01:   code: 'ERR_MODULE_NOT_FOUND',
2025-06-30T22:43:01:   url: 'file:///home/ftpuser/ftp/files/astralis-agency-server/server/dist/routes/contact'
2025-06-30T22:43:01: }
2025-07-01T06:43:10: Error [ERR_MODULE_NOT_FOUND]: Cannot find module '/home/ftpuser/ftp/files/astralis-agency-server/server/dist/routes/contact' imported from /home/ftpuser/ftp/files/astralis-agency-server/server/dist/index.js
2025-07-01T06:43:10:     at finalizeResolution (node:internal/modules/esm/resolve:283:11)
2025-07-01T06:43:10:     at moduleResolve (node:internal/modules/esm/resolve:952:10)
2025-07-01T06:43:10:     at defaultResolve (node:internal/modules/esm/resolve:1188:11)
2025-07-01T06:43:10:     at ModuleLoader.defaultResolve (node:internal/modules/esm/loader:642:12)
2025-07-01T06:43:10:     at #cachedDefaultResolve (node:internal/modules/esm/loader:591:25)
2025-07-01T06:43:10:     at ModuleLoader.resolve (node:internal/modules/esm/loader:574:38)
2025-07-01T06:43:10:     at ModuleLoader.getModuleJobForImport (node:internal/modules/esm/loader:236:38)
2025-07-01T06:43:10:     at ModuleJob._link (node:internal/modules/esm/module_job:130:49) {
2025-07-01T06:43:10:   code: 'ERR_MODULE_NOT_FOUND',
2025-07-01T06:43:10:   url: 'file:///home/ftpuser/ftp/files/astralis-agency-server/server/dist/routes/contact'
2025-07-01T06:43:10: }
2025-07-01T06:44:20: Error [ERR_MODULE_NOT_FOUND]: Cannot find module '/home/ftpuser/ftp/files/astralis-agency-server/server/dist/models/ContactForm' imported from /home/ftpuser/ftp/files/astralis-agency-server/server/dist/routes/contact.js
2025-07-01T06:44:20:     at finalizeResolution (node:internal/modules/esm/resolve:283:11)
2025-07-01T06:44:20:     at moduleResolve (node:internal/modules/esm/resolve:952:10)
2025-07-01T06:44:20:     at defaultResolve (node:internal/modules/esm/resolve:1188:11)
2025-07-01T06:44:20:     at ModuleLoader.defaultResolve (node:internal/modules/esm/loader:642:12)
2025-07-01T06:44:20:     at #cachedDefaultResolve (node:internal/modules/esm/loader:591:25)
2025-07-01T06:44:20:     at ModuleLoader.resolve (node:internal/modules/esm/loader:574:38)
2025-07-01T06:44:20:     at ModuleLoader.getModuleJobForImport (node:internal/modules/esm/loader:236:38)
2025-07-01T06:44:20:     at ModuleJob._link (node:internal/modules/esm/module_job:130:49) {
2025-07-01T06:44:20:   code: 'ERR_MODULE_NOT_FOUND',
2025-07-01T06:44:20:   url: 'file:///home/ftpuser/ftp/files/astralis-agency-server/server/dist/models/ContactForm'
2025-07-01T06:44:20: }
